2020-03-09 === [main] == INFO  == com.zhang.demo.Application == Starting Application on DC with PID 377828 (E:\code\zhang-boot\zhang-boot-log\target\classes started by Administrator in E:\code\zhang-boot)
2020-03-09 === [main] == DEBUG == com.zhang.demo.Application == Running with Spring Boot v2.2.5.RELEASE, Spring v5.2.4.RELEASE
2020-03-09 === [main] == INFO  == com.zhang.demo.Application == No active profile set, falling back to default profiles: default
2020-03-09 === [main] == INFO  == o.s.boot.web.embedded.tomcat.TomcatWebServer == Tomcat initialized with port(s): 8080 (http)
2020-03-09 === [main] == INFO  == org.apache.catalina.core.StandardService == Starting service [Tomcat]
2020-03-09 === [main] == INFO  == org.apache.catalina.core.StandardEngine == Starting Servlet engine: [Apache Tomcat/9.0.31]
2020-03-09 === [main] == INFO  == o.a.c.core.ContainerBase.[Tomcat].[localhost].[/] == Initializing Spring embedded WebApplicationContext
2020-03-09 === [main] == INFO  == org.springframework.web.context.ContextLoader == Root WebApplicationContext: initialization completed in 3485 ms
2020-03-09 === [main] == INFO  == o.s.scheduling.concurrent.ThreadPoolTaskExecutor == Initializing ExecutorService 'applicationTaskExecutor'
2020-03-09 === [main] == INFO  == o.s.boot.web.embedded.tomcat.TomcatWebServer == Tomcat started on port(s): 8080 (http) with context path ''
2020-03-09 === [main] == INFO  == com.zhang.demo.Application == Started Application in 5.115 seconds (JVM running for 7.711)
2020-03-09 === [main] == INFO  == com.zhang.demo.Application == Starting Application on DC with PID 380628 (E:\code\zhang-boot\zhang-boot-log\target\classes started by Administrator in E:\code\zhang-boot)
2020-03-09 === [main] == DEBUG == com.zhang.demo.Application == Running with Spring Boot v2.2.5.RELEASE, Spring v5.2.4.RELEASE
2020-03-09 === [main] == INFO  == com.zhang.demo.Application == No active profile set, falling back to default profiles: default
2020-03-09 === [main] == INFO  == o.s.boot.web.embedded.tomcat.TomcatWebServer == Tomcat initialized with port(s): 8080 (http)
2020-03-09 === [main] == INFO  == org.apache.catalina.core.StandardService == Starting service [Tomcat]
2020-03-09 === [main] == INFO  == org.apache.catalina.core.StandardEngine == Starting Servlet engine: [Apache Tomcat/9.0.31]
2020-03-09 === [main] == INFO  == o.a.c.core.ContainerBase.[Tomcat].[localhost].[/] == Initializing Spring embedded WebApplicationContext
2020-03-09 === [main] == INFO  == org.springframework.web.context.ContextLoader == Root WebApplicationContext: initialization completed in 2458 ms
2020-03-09 === [main] == INFO  == o.s.scheduling.concurrent.ThreadPoolTaskExecutor == Initializing ExecutorService 'applicationTaskExecutor'
2020-03-09 === [main] == INFO  == o.s.boot.web.embedded.tomcat.TomcatWebServer == Tomcat started on port(s): 8080 (http) with context path ''
2020-03-09 === [main] == INFO  == com.zhang.demo.Application == Started Application in 3.658 seconds (JVM running for 5.889)
2020-03-09 22:22:06 === [main] == INFO  == com.zhang.demo.Application == Starting Application on DC with PID 380376 (E:\code\zhang-boot\zhang-boot-log\target\classes started by Administrator in E:\code\zhang-boot)
2020-03-09 22:22:06 === [main] == DEBUG == com.zhang.demo.Application == Running with Spring Boot v2.2.5.RELEASE, Spring v5.2.4.RELEASE
2020-03-09 22:22:06 === [main] == INFO  == com.zhang.demo.Application == No active profile set, falling back to default profiles: default
2020-03-09 22:22:10 === [main] == INFO  == o.s.boot.web.embedded.tomcat.TomcatWebServer == Tomcat initialized with port(s): 8080 (http)
2020-03-09 22:22:10 === [main] == INFO  == org.apache.catalina.core.StandardService == Starting service [Tomcat]
2020-03-09 22:22:10 === [main] == INFO  == org.apache.catalina.core.StandardEngine == Starting Servlet engine: [Apache Tomcat/9.0.31]
2020-03-09 22:22:10 === [main] == INFO  == o.a.c.core.ContainerBase.[Tomcat].[localhost].[/] == Initializing Spring embedded WebApplicationContext
2020-03-09 22:22:10 === [main] == INFO  == org.springframework.web.context.ContextLoader == Root WebApplicationContext: initialization completed in 3926 ms
2020-03-09 22:22:10 === [main] == INFO  == o.s.scheduling.concurrent.ThreadPoolTaskExecutor == Initializing ExecutorService 'applicationTaskExecutor'
2020-03-09 22:22:10 === [main] == INFO  == o.s.boot.web.embedded.tomcat.TomcatWebServer == Tomcat started on port(s): 8080 (http) with context path ''
2020-03-09 22:22:11 === [main] == INFO  == com.zhang.demo.Application == Started Application in 5.749 seconds (JVM running for 8.681)
2020-03-09 22:22:47 === [http-nio-8080-exec-1] == INFO  == o.a.c.core.ContainerBase.[Tomcat].[localhost].[/] == Initializing Spring DispatcherServlet 'dispatcherServlet'
2020-03-09 22:22:47 === [http-nio-8080-exec-1] == INFO  == org.springframework.web.servlet.DispatcherServlet == Initializing Servlet 'dispatcherServlet'
2020-03-09 22:22:47 === [http-nio-8080-exec-1] == INFO  == org.springframework.web.servlet.DispatcherServlet == Completed initialization in 12 ms
2020-03-09 22:22:47 === [http-nio-8080-exec-1] == TRACE == com.zhang.demo.controller.HelloController == ----------trace--------
2020-03-09 22:22:47 === [http-nio-8080-exec-1] == DEBUG == com.zhang.demo.controller.HelloController == ----------debug--------
2020-03-09 22:22:47 === [http-nio-8080-exec-1] == INFO  == com.zhang.demo.controller.HelloController == ----------info--------
2020-03-09 22:22:47 === [http-nio-8080-exec-1] == WARN  == com.zhang.demo.controller.HelloController == ----------warn--------
2020-03-09 22:22:47 === [http-nio-8080-exec-1] == ERROR == com.zhang.demo.controller.HelloController == ----------error--------
2020-03-09 22:46:00 === [main] == INFO  == com.zhang.demo.Application == Starting Application on DC with PID 382724 (E:\code\zhang-boot\zhang-boot-lombok\target\classes started by Administrator in E:\code\zhang-boot)
2020-03-09 22:46:00 === [main] == DEBUG == com.zhang.demo.Application == Running with Spring Boot v2.2.5.RELEASE, Spring v5.2.4.RELEASE
2020-03-09 22:46:00 === [main] == INFO  == com.zhang.demo.Application == No active profile set, falling back to default profiles: default
2020-03-09 22:46:04 === [main] == INFO  == o.s.boot.web.embedded.tomcat.TomcatWebServer == Tomcat initialized with port(s): 8080 (http)
2020-03-09 22:46:04 === [main] == INFO  == org.apache.catalina.core.StandardService == Starting service [Tomcat]
2020-03-09 22:46:04 === [main] == INFO  == org.apache.catalina.core.StandardEngine == Starting Servlet engine: [Apache Tomcat/9.0.31]
2020-03-09 22:46:04 === [main] == INFO  == o.a.c.core.ContainerBase.[Tomcat].[localhost].[/] == Initializing Spring embedded WebApplicationContext
2020-03-09 22:46:04 === [main] == INFO  == org.springframework.web.context.ContextLoader == Root WebApplicationContext: initialization completed in 3565 ms
2020-03-09 22:46:04 === [main] == INFO  == o.s.scheduling.concurrent.ThreadPoolTaskExecutor == Initializing ExecutorService 'applicationTaskExecutor'
2020-03-09 22:46:05 === [main] == INFO  == o.s.boot.web.embedded.tomcat.TomcatWebServer == Tomcat started on port(s): 8080 (http) with context path ''
2020-03-09 22:46:05 === [main] == INFO  == com.zhang.demo.Application == Started Application in 6.112 seconds (JVM running for 10.626)
2020-03-09 22:46:10 === [http-nio-8080-exec-1] == INFO  == o.a.c.core.ContainerBase.[Tomcat].[localhost].[/] == Initializing Spring DispatcherServlet 'dispatcherServlet'
2020-03-09 22:46:10 === [http-nio-8080-exec-1] == INFO  == org.springframework.web.servlet.DispatcherServlet == Initializing Servlet 'dispatcherServlet'
2020-03-09 22:46:10 === [http-nio-8080-exec-1] == INFO  == org.springframework.web.servlet.DispatcherServlet == Completed initialization in 8 ms
2020-03-09 22:46:10 === [http-nio-8080-exec-1] == TRACE == com.zhang.demo.controller.HelloController == ----------trace--------
2020-03-09 22:46:10 === [http-nio-8080-exec-1] == DEBUG == com.zhang.demo.controller.HelloController == ----------debug--------
2020-03-09 22:46:10 === [http-nio-8080-exec-1] == INFO  == com.zhang.demo.controller.HelloController == ----------info--------
2020-03-09 22:46:10 === [http-nio-8080-exec-1] == WARN  == com.zhang.demo.controller.HelloController == ----------warn--------
2020-03-09 22:46:10 === [http-nio-8080-exec-1] == ERROR == com.zhang.demo.controller.HelloController == ----------error--------
